

BFS DONE!

The total number of nodes calculated: 1
The maximum number of nodes in the memory: 1


DFS DONE!

The total number of nodes calculated: 1
The maximum number of nodes in the memory: 1


DFI DONE!

The total number of nodes calculated: 1
The maximum number of nodes in the memory: 1


A STAR WITH ORDINARY HEURISTIC DONE!

The total number of nodes calculated: 1
The maximum number of nodes in the memory: 1


A STAR WITH MANHATTAN HEURISTIC DONE!

The total number of nodes calculated: 1
The maximum number of nodes in the memory: 1


A STAR WITH EUCLIDIAN HEURISTIC DONE!

The total number of nodes calculated: 1
The maximum number of nodes in the memory: 1


A STAR WITH UNACCEPTABLE HEURISTIC DONE!

The total number of nodes calculated: 1
The maximum number of nodes in the memory: 1


A STAR OPT WITH ORDINARY HEURISTIC DONE!

The total number of nodes calculated: 1
The maximum number of nodes in the memory: 1


A STAR OPT WITH MANHATTAN HEURISTIC DONE!

The total number of nodes calculated: 1
The maximum number of nodes in the memory: 1


A STAR OPT WITH EUCLIDIAN HEURISTIC DONE!

The total number of nodes calculated: 1
The maximum number of nodes in the memory: 1


A STAR OPT WITH UNACCEPTABLE HEURISTIC DONE!

Nu mai exista solutii!
The total number of nodes calculated: 1
The maximum number of nodes in the memory: 1


IDA STAR OPT WITH ORDINARY HEURISTIC DONE!

Nu mai exista solutii!
The total number of nodes calculated: 1
The maximum number of nodes in the memory: 1


IDA STAR OPT WITH MANHATTAN HEURISTIC DONE!

Nu mai exista solutii!
The total number of nodes calculated: 1
The maximum number of nodes in the memory: 1


IDA STAR WITH EUCLIDIAN HEURISTIC DONE!

Nu mai exista solutii!
The total number of nodes calculated: 1
The maximum number of nodes in the memory: 1


IDA STAR WITH UNACCEPTABLE HEURISTIC DONE!

