\BOOKMARK [0][-]{chapter.1}{\376\377\000I\000n\000t\000r\000o\000d\000u\000c\000e\000r\000e}{}% 1
\BOOKMARK [1][-]{section.1.1}{\376\377\000M\000o\000d\000u\000l\000\040\000d\000e\000\040\000o\000r\000g\000a\000n\000i\000z\000a\000r\000e\000\040\000a\000l\000\040\000e\000c\000h\000i\000p\000e\000i}{chapter.1}% 2
\BOOKMARK [1][-]{section.1.2}{\376\377\000O\000b\000i\000e\000c\000t\000i\000v\000e\000l\000e\000\040\000p\000r\000o\000i\000e\000c\000t\000u\000l\000u\000i}{chapter.1}% 3
\BOOKMARK [1][-]{section.1.3}{\376\377\000V\000i\000z\000i\000o\000n\000a\000r\000e\000a\000\040\000p\000r\000o\000i\000e\000c\000t\000u\000l\000u\000i}{chapter.1}% 4
\BOOKMARK [0][-]{chapter.2}{\376\377\000D\000e\000s\000e\000n\000a\000r\000e\000a\000\040\000o\000b\000i\000e\000c\000t\000e\000l\000o\000r}{}% 5
\BOOKMARK [1][-]{section.2.1}{\376\377\000P\000r\000e\000z\000e\000n\000t\000a\000r\000e\000a\000\040\000t\000a\000b\000l\000e\000i\000\040\000d\000e\000\040\000j\000o\000c}{chapter.2}% 6
\BOOKMARK [1][-]{section.2.2}{\376\377\000C\000u\000m\000\040\000a\000\040\000f\000o\000s\000t\000\040\000c\000o\000n\000s\000t\000r\000u\000i\000t\001\003\000\040\000t\000a\000b\000l\000a\000\040\000d\000e\000\040\000j\000o\000c}{chapter.2}% 7
\BOOKMARK [1][-]{section.2.3}{\376\377\000C\000o\000d\000\040\000s\000u\000r\000s\001\003}{chapter.2}% 8
\BOOKMARK [0][-]{chapter.3}{\376\377\000A\000d\001\003\000u\000g\000a\000r\000e\000a\000\040\000t\000r\000a\000n\000s\000l\000a\002\033\000i\000i\000l\000o\000r}{}% 9
\BOOKMARK [1][-]{section.3.1}{\376\377\000P\000r\000e\000z\000e\000n\000t\000a\000r\000e\000a\000\040\000T\000r\000a\000n\000s\000l\000a\002\033\000i\000e\000i\000\040\0001}{chapter.3}% 10
\BOOKMARK [2][-]{subsection.3.1.1}{\376\377\000C\000o\000d\000\040\000s\000u\000r\000s\001\003}{section.3.1}% 11
\BOOKMARK [1][-]{section.3.2}{\376\377\000P\000r\000e\000z\000e\000n\000t\000a\000r\000e\000a\000\040\000T\000r\000a\000n\000s\000l\000a\002\033\000i\000e\000i\000\040\0002}{chapter.3}% 12
\BOOKMARK [2][-]{subsection.3.2.1}{\376\377\000C\000o\000d\000\040\000s\000u\000r\000s\001\003}{section.3.2}% 13
\BOOKMARK [1][-]{section.3.3}{\376\377\000P\000r\000e\000z\000e\000n\000t\000a\000r\000e\000a\000\040\000T\000r\000a\000n\000s\000l\000a\002\033\000i\000e\000i\000\040\0003}{chapter.3}% 14
\BOOKMARK [2][-]{subsection.3.3.1}{\376\377\000C\000o\000d\000\040\000s\000u\000r\000s\001\003}{section.3.3}% 15
\BOOKMARK [0][-]{chapter.4}{\376\377\000A\000f\000i\002\031\000a\000r\000e\000a\000\040\000c\000\342\002\031\000t\000i\000g\001\003\000t\000o\000r\000u\000l\000u\000i}{}% 16
\BOOKMARK [1][-]{section.4.1}{\376\377\000P\000r\000e\000z\000e\000n\000t\000a\000r\000e\000a\000\040\000\356\000n\000a\000i\000n\000t\000e\000\040\000d\000e\000\040\000t\000r\000a\000n\000s\000l\000a\002\033\000i\000a\000\040\000f\000i\000n\000a\000l\001\003}{chapter.4}% 17
\BOOKMARK [2][-]{subsection.4.1.1}{\376\377\000C\000o\000d\000\040\000s\000u\000r\000s\001\003}{section.4.1}% 18
\BOOKMARK [1][-]{section.4.2}{\376\377\000P\000r\000e\000z\000e\000n\000t\000a\000r\000e\000\040\000d\000u\000p\001\003\000\040\000t\000r\000a\000n\000s\000l\000a\002\033\000i\000e}{chapter.4}% 19
\BOOKMARK [2][-]{subsection.4.2.1}{\376\377\000C\000o\000d\000\040\000s\000u\000r\000s\001\003}{section.4.2}% 20
\BOOKMARK [0][-]{chapter.5}{\376\377\000C\000o\000d\000u\000l\000\040\000S\000u\000r\000s\001\003\000\040\000C\000o\000m\000p\000l\000e\000t}{}% 21
\BOOKMARK [0][-]{chapter.6}{\376\377\000C\000o\000d\000u\000l\000\040\000p\000e\000n\000t\000r\000u\000\040\000S\000h\000a\000d\000e\000r}{}% 22
\BOOKMARK [0][-]{chapter.7}{\376\377\000R\000e\000f\000e\000r\000i\000n\002\033\000e}{}% 23
