This is pdfTeX, Version 3.141592653-2.6-1.40.24 (MiKTeX 22.10) (preloaded format=pdflatex 2022.11.1)  5 NOV 2022 01:40
entering extended mode
 restricted \write18 enabled.
 file:line:error style messages enabled.
 %&-line parsing enabled.
**c:/Users/rober/Drive/Desktop/Prezentare/Prezentare.tex
(c:/Users/rober/Drive/Desktop/Prezentare/Prezentare.tex
LaTeX2e <2022-06-01> patch level 5
L3 programming layer <2022-09-28> (C:\Users\rober\AppData\Local\Programs\MiK\tex/latex/base\report.cls
Document Class: report 2021/10/04 v1.4n Standard LaTeX document class
(C:\Users\rober\AppData\Local\Programs\MiK\tex/latex/base\size12.clo
File: size12.clo 2021/10/04 v1.4n Standard LaTeX file (size option)
)
\c@part=\count185
\c@chapter=\count186
\c@section=\count187
\c@subsection=\count188
\c@subsubsection=\count189
\c@paragraph=\count190
\c@subparagraph=\count191
\c@figure=\count192
\c@table=\count193
\abovecaptionskip=\skip47
\belowcaptionskip=\skip48
\bibindent=\dimen138
) (C:\Users\rober\AppData\Local\Programs\MiK\tex/latex/base\inputenc.sty
Package: inputenc 2021/02/14 v1.3d Input encoding file
\inpenc@prehook=\toks16
\inpenc@posthook=\toks17
) (C:\Users\rober\AppData\Local\Programs\MiK\tex/latex/graphics\graphicx.sty
Package: graphicx 2021/09/16 v1.2d Enhanced LaTeX Graphics (DPC,SPQR)
 (C:\Users\rober\AppData\Local\Programs\MiK\tex/latex/graphics\keyval.sty
Package: keyval 2022/05/29 v1.15 key=value parser (DPC)
\KV@toks@=\toks18
) (C:\Users\rober\AppData\Local\Programs\MiK\tex/latex/graphics\graphics.sty
Package: graphics 2022/03/10 v1.4e Standard LaTeX Graphics (DPC,SPQR)
 (C:\Users\rober\AppData\Local\Programs\MiK\tex/latex/graphics\trig.sty
Package: trig 2021/08/11 v1.11 sin cos tan (DPC)
) (C:\Users\rober\AppData\Local\Programs\MiK\tex/latex/graphics-cfg\graphics.cfg
File: graphics.cfg 2016/06/04 v1.11 sample graphics configuration
)
Package graphics Info: Driver file: pdftex.def on input line 107.
 (C:\Users\rober\AppData\Local\Programs\MiK\tex/latex/graphics-def\pdftex.def
File: pdftex.def 2022/09/22 v1.2b Graphics/color driver for pdftex
\stockwidth=\dimen139
\stockheight=\dimen140
))
\Gin@req@height=\dimen141
\Gin@req@width=\dimen142
) (C:\Users\rober\AppData\Local\Programs\MiK\tex/latex/hyperref\hyperref.sty
Package: hyperref 2022-09-22 v7.00t Hypertext links for LaTeX
 (C:\Users\rober\AppData\Local\Programs\MiK\tex/generic/ltxcmds\ltxcmds.sty
Package: ltxcmds 2020-05-10 v1.25 LaTeX kernel commands for general use (HO)
) (C:\Users\rober\AppData\Local\Programs\MiK\tex/generic/iftex\iftex.sty
Package: iftex 2022/02/03 v1.0f TeX engine tests
) (C:\Users\rober\AppData\Local\Programs\MiK\tex/generic/pdftexcmds\pdftexcmds.sty
Package: pdftexcmds 2020-06-27 v0.33 Utility functions of pdfTeX for LuaTeX (HO)
 (C:\Users\rober\AppData\Local\Programs\MiK\tex/generic/infwarerr\infwarerr.sty
Package: infwarerr 2019/12/03 v1.5 Providing info/warning/error messages (HO)
)
Package pdftexcmds Info: \pdf@primitive is available.
Package pdftexcmds Info: \pdf@ifprimitive is available.
Package pdftexcmds Info: \pdfdraftmode found.
) (C:\Users\rober\AppData\Local\Programs\MiK\tex/latex/kvsetkeys\kvsetkeys.sty
Package: kvsetkeys 2022-10-05 v1.19 Key value parser (HO)
) (C:\Users\rober\AppData\Local\Programs\MiK\tex/generic/kvdefinekeys\kvdefinekeys.sty
Package: kvdefinekeys 2019-12-19 v1.6 Define keys (HO)
) (C:\Users\rober\AppData\Local\Programs\MiK\tex/generic/pdfescape\pdfescape.sty
Package: pdfescape 2019/12/09 v1.15 Implements pdfTeX's escape features (HO)
) (C:\Users\rober\AppData\Local\Programs\MiK\tex/latex/hycolor\hycolor.sty
Package: hycolor 2020-01-27 v1.10 Color options for hyperref/bookmark (HO)
) (C:\Users\rober\AppData\Local\Programs\MiK\tex/latex/letltxmacro\letltxmacro.sty
Package: letltxmacro 2019/12/03 v1.6 Let assignment for LaTeX macros (HO)
) (C:\Users\rober\AppData\Local\Programs\MiK\tex/latex/auxhook\auxhook.sty
Package: auxhook 2019-12-17 v1.6 Hooks for auxiliary files (HO)
) (C:\Users\rober\AppData\Local\Programs\MiK\tex/latex/hyperref\nameref.sty
Package: nameref 2022-05-17 v2.50 Cross-referencing by name of section
 (C:\Users\rober\AppData\Local\Programs\MiK\tex/latex/refcount\refcount.sty
Package: refcount 2019/12/15 v3.6 Data extraction from label references (HO)
) (C:\Users\rober\AppData\Local\Programs\MiK\tex/generic/gettitlestring\gettitlestring.sty
Package: gettitlestring 2019/12/15 v1.6 Cleanup title references (HO)
 (C:\Users\rober\AppData\Local\Programs\MiK\tex/latex/kvoptions\kvoptions.sty
Package: kvoptions 2022-06-15 v3.15 Key value format for package options (HO)
))
\c@section@level=\count194
)
\@linkdim=\dimen143
\Hy@linkcounter=\count195
\Hy@pagecounter=\count196
 (C:\Users\rober\AppData\Local\Programs\MiK\tex/latex/hyperref\pd1enc.def
File: pd1enc.def 2022-09-22 v7.00t Hyperref: PDFDocEncoding definition (HO)
Now handling font encoding PD1 ...
... no UTF-8 mapping file for font encoding PD1
) (C:\Users\rober\AppData\Local\Programs\MiK\tex/generic/intcalc\intcalc.sty
Package: intcalc 2019/12/15 v1.3 Expandable calculations with integers (HO)
) (C:\Users\rober\AppData\Local\Programs\MiK\tex/generic/etexcmds\etexcmds.sty
Package: etexcmds 2019/12/15 v1.7 Avoid name clashes with e-TeX commands (HO)
)
\Hy@SavedSpaceFactor=\count197
 (C:\Users\rober\AppData\Local\Programs\MiK\tex/latex/hyperref\puenc.def
File: puenc.def 2022-09-22 v7.00t Hyperref: PDF Unicode definition (HO)
Now handling font encoding PU ...
... no UTF-8 mapping file for font encoding PU
)
Package hyperref Info: Hyper figures OFF on input line 4162.
Package hyperref Info: Link nesting OFF on input line 4167.
Package hyperref Info: Hyper index ON on input line 4170.
Package hyperref Info: Plain pages OFF on input line 4177.
Package hyperref Info: Backreferencing OFF on input line 4182.
Package hyperref Info: Implicit mode ON; LaTeX internals redefined.
Package hyperref Info: Bookmarks ON on input line 4410.
\c@Hy@tempcnt=\count198
 (C:\Users\rober\AppData\Local\Programs\MiK\tex/latex/url\url.sty
\Urlmuskip=\muskip16
Package: url 2013/09/16  ver 3.4  Verb mode for urls, etc.
)
LaTeX Info: Redefining \url on input line 4748.
\XeTeXLinkMargin=\dimen144
 (C:\Users\rober\AppData\Local\Programs\MiK\tex/generic/bitset\bitset.sty
Package: bitset 2019/12/09 v1.3 Handle bit-vector datatype (HO)
 (C:\Users\rober\AppData\Local\Programs\MiK\tex/generic/bigintcalc\bigintcalc.sty
Package: bigintcalc 2019/12/15 v1.5 Expandable calculations on big integers (HO)
))
\Fld@menulength=\count199
\Field@Width=\dimen145
\Fld@charsize=\dimen146
Package hyperref Info: Hyper figures OFF on input line 6027.
Package hyperref Info: Link nesting OFF on input line 6032.
Package hyperref Info: Hyper index ON on input line 6035.
Package hyperref Info: backreferencing OFF on input line 6042.
Package hyperref Info: Link coloring OFF on input line 6047.
Package hyperref Info: Link coloring with OCG OFF on input line 6052.
Package hyperref Info: PDF/A mode OFF on input line 6057.
 (C:\Users\rober\AppData\Local\Programs\MiK\tex/latex/base\atbegshi-ltx.sty
Package: atbegshi-ltx 2021/01/10 v1.0c Emulation of the original atbegshi
package with kernel methods
)
\Hy@abspage=\count266
\c@Item=\count267
\c@Hfootnote=\count268
)
Package hyperref Info: Driver (autodetected): hpdftex.
 (C:\Users\rober\AppData\Local\Programs\MiK\tex/latex/hyperref\hpdftex.def
File: hpdftex.def 2022-09-22 v7.00t Hyperref driver for pdfTeX
 (C:\Users\rober\AppData\Local\Programs\MiK\tex/latex/base\atveryend-ltx.sty
Package: atveryend-ltx 2020/08/19 v1.0a Emulation of the original atveryend package
with kernel methods
)
\Fld@listcount=\count269
\c@bookmark@seq@number=\count270
 (C:\Users\rober\AppData\Local\Programs\MiK\tex/latex/rerunfilecheck\rerunfilecheck.sty
Package: rerunfilecheck 2022-07-10 v1.10 Rerun checks for auxiliary files (HO)
 (C:\Users\rober\AppData\Local\Programs\MiK\tex/generic/uniquecounter\uniquecounter.sty
Package: uniquecounter 2019/12/15 v1.4 Provide unlimited unique counter (HO)
)
Package uniquecounter Info: New unique counter `rerunfilecheck' on input line 285.
)
\Hy@SectionHShift=\skip49
) (C:\Users\rober\AppData\Local\Programs\MiK\tex/latex/setspace\setspace.sty
Package: setspace 2011/12/19 v6.7a set line spacing
) (C:\Users\rober\AppData\Local\Programs\MiK\tex/latex/graphics\color.sty
Package: color 2022/01/06 v1.3d Standard LaTeX Color (DPC)
 (C:\Users\rober\AppData\Local\Programs\MiK\tex/latex/graphics-cfg\color.cfg
File: color.cfg 2016/01/02 v1.6 sample color configuration
)
Package color Info: Driver file: pdftex.def on input line 149.
 (C:\Users\rober\AppData\Local\Programs\MiK\tex/latex/graphics\mathcolor.ltx)) (C:\Users\rober\AppData\Local\Programs\MiK\tex/generic/soul\soul.sty
Package: soul 2003/11/17 v2.4 letterspacing/underlining (mf)
\SOUL@word=\toks19
\SOUL@lasttoken=\toks20
\SOUL@cmds=\toks21
\SOUL@buffer=\toks22
\SOUL@token=\toks23
\SOUL@spaceskip=\skip50
\SOUL@ttwidth=\dimen147
\SOUL@uldp=\dimen148
\SOUL@ulht=\dimen149
) (C:\Users\rober\AppData\Local\Programs\MiK\tex/latex/geometry\geometry.sty
Package: geometry 2020/01/02 v5.9 Page Geometry
 (C:\Users\rober\AppData\Local\Programs\MiK\tex/generic/iftex\ifvtex.sty
Package: ifvtex 2019/10/25 v1.7 ifvtex legacy package. Use iftex instead.
)
\Gm@cnth=\count271
\Gm@cntv=\count272
\c@Gm@tempcnt=\count273
\Gm@bindingoffset=\dimen150
\Gm@wd@mp=\dimen151
\Gm@odd@mp=\dimen152
\Gm@even@mp=\dimen153
\Gm@layoutwidth=\dimen154
\Gm@layoutheight=\dimen155
\Gm@layouthoffset=\dimen156
\Gm@layoutvoffset=\dimen157
\Gm@dimlist=\toks24
 (C:\Users\rober\AppData\Local\Programs\MiK\tex/latex/geometry\geometry.cfg)) (C:\Users\rober\AppData\Local\Programs\MiK\tex/latex/listings\listings.sty
\lst@mode=\count274
\lst@gtempboxa=\box51
\lst@token=\toks25
\lst@length=\count275
\lst@currlwidth=\dimen158
\lst@column=\count276
\lst@pos=\count277
\lst@lostspace=\dimen159
\lst@width=\dimen160
\lst@newlines=\count278
\lst@lineno=\count279
\lst@maxwidth=\dimen161
 (C:\Users\rober\AppData\Local\Programs\MiK\tex/latex/listings\lstmisc.sty
File: lstmisc.sty 2020/03/24 1.8d (Carsten Heinz)
\c@lstnumber=\count280
\lst@skipnumbers=\count281
\lst@framebox=\box52
) (C:\Users\rober\AppData\Local\Programs\MiK\tex/latex/listings\listings.cfg
File: listings.cfg 2020/03/24 1.8d listings configuration
))
Package: listings 2020/03/24 1.8d (Carsten Heinz)
 (C:\Users\rober\AppData\Local\Programs\MiK\tex/latex/cleveref\cleveref.sty
Package: cleveref 2018/03/27 v0.21.4 Intelligent cross-referencing
Package cleveref Info: `hyperref' support loaded on input line 2370.
LaTeX Info: Redefining \cref on input line 2370.
LaTeX Info: Redefining \Cref on input line 2370.
LaTeX Info: Redefining \crefrange on input line 2370.
LaTeX Info: Redefining \Crefrange on input line 2370.
LaTeX Info: Redefining \cpageref on input line 2370.
LaTeX Info: Redefining \Cpageref on input line 2370.
LaTeX Info: Redefining \cpagerefrange on input line 2370.
LaTeX Info: Redefining \Cpagerefrange on input line 2370.
LaTeX Info: Redefining \labelcref on input line 2370.
LaTeX Info: Redefining \labelcpageref on input line 2370.
Package cleveref Info: `listings' support loaded on input line 3131.
) (C:\Users\rober\AppData\Local\Programs\MiK\tex/latex/xcolor\xcolor.sty
Package: xcolor 2022/06/12 v2.14 LaTeX color extensions (UK)
 (C:\Users\rober\AppData\Local\Programs\MiK\tex/latex/graphics-cfg\color.cfg
File: color.cfg 2016/01/02 v1.6 sample color configuration
)
Package xcolor Info: Driver file: pdftex.def on input line 227.
LaTeX Info: Redefining \color on input line 711.
 (C:\Users\rober\AppData\Local\Programs\MiK\tex/latex/graphics\mathcolor.ltx)
Package xcolor Info: Model `cmy' substituted by `cmy0' on input line 1353.
Package xcolor Info: Model `hsb' substituted by `rgb' on input line 1357.
Package xcolor Info: Model `RGB' extended on input line 1369.
Package xcolor Info: Model `HTML' substituted by `rgb' on input line 1371.
Package xcolor Info: Model `Hsb' substituted by `hsb' on input line 1372.
Package xcolor Info: Model `tHsb' substituted by `hsb' on input line 1373.
Package xcolor Info: Model `HSB' substituted by `hsb' on input line 1374.
Package xcolor Info: Model `Gray' substituted by `gray' on input line 1375.
Package xcolor Info: Model `wave' substituted by `hsb' on input line 1376.
) (C:\Users\rober\AppData\Local\Programs\MiK\tex/latex/titlesec\titlesec.sty
Package: titlesec 2021/07/05 v2.14 Sectioning titles
\ttl@box=\box53
\beforetitleunit=\skip51
\aftertitleunit=\skip52
\ttl@plus=\dimen162
\ttl@minus=\dimen163
\ttl@toksa=\toks26
\titlewidth=\dimen164
\titlewidthlast=\dimen165
\titlewidthfirst=\dimen166
)
Package hyperref Info: Option `colorlinks' set `true' on input line 62.
 (C:\Users\rober\AppData\Local\Programs\MiK\tex/latex/l3backend\l3backend-pdftex.def
File: l3backend-pdftex.def 2022-09-28 L3 backend support: PDF output (pdfTeX)
\l__color_backend_stack_int=\count282
\l__pdf_internal_box=\box54
) (Prezentare.aux

LaTeX Warning: Label `cpp-sample' multiply defined.


LaTeX Warning: Label `cpp-sample@cref' multiply defined.


LaTeX Warning: Label `cpp-sample' multiply defined.


LaTeX Warning: Label `cpp-sample@cref' multiply defined.


LaTeX Warning: Label `cpp-sample' multiply defined.


LaTeX Warning: Label `cpp-sample@cref' multiply defined.


LaTeX Warning: Label `cpp-sample' multiply defined.


LaTeX Warning: Label `cpp-sample@cref' multiply defined.


LaTeX Warning: Label `cpp-sample' multiply defined.


LaTeX Warning: Label `cpp-sample@cref' multiply defined.


LaTeX Warning: Label `cpp-sample' multiply defined.


LaTeX Warning: Label `cpp-sample@cref' multiply defined.


LaTeX Warning: Label `cpp-sample' multiply defined.


LaTeX Warning: Label `cpp-sample@cref' multiply defined.


LaTeX Warning: Label `cpp-sample' multiply defined.


LaTeX Warning: Label `cpp-sample@cref' multiply defined.


LaTeX Warning: Label `cpp-sample' multiply defined.


LaTeX Warning: Label `cpp-sample@cref' multiply defined.


LaTeX Warning: Label `cpp-sample' multiply defined.


LaTeX Warning: Label `cpp-sample@cref' multiply defined.


LaTeX Warning: Label `cpp-sample' multiply defined.


LaTeX Warning: Label `cpp-sample@cref' multiply defined.


LaTeX Warning: Label `cpp-sample' multiply defined.


LaTeX Warning: Label `cpp-sample@cref' multiply defined.


LaTeX Warning: Label `cpp-sample' multiply defined.


LaTeX Warning: Label `cpp-sample@cref' multiply defined.

)
\openout1 = `Prezentare.aux'.

LaTeX Font Info:    Checking defaults for OML/cmm/m/it on input line 64.
LaTeX Font Info:    ... okay on input line 64.
LaTeX Font Info:    Checking defaults for OMS/cmsy/m/n on input line 64.
LaTeX Font Info:    ... okay on input line 64.
LaTeX Font Info:    Checking defaults for OT1/cmr/m/n on input line 64.
LaTeX Font Info:    ... okay on input line 64.
LaTeX Font Info:    Checking defaults for T1/cmr/m/n on input line 64.
LaTeX Font Info:    ... okay on input line 64.
LaTeX Font Info:    Checking defaults for TS1/cmr/m/n on input line 64.
LaTeX Font Info:    ... okay on input line 64.
LaTeX Font Info:    Checking defaults for OMX/cmex/m/n on input line 64.
LaTeX Font Info:    ... okay on input line 64.
LaTeX Font Info:    Checking defaults for U/cmr/m/n on input line 64.
LaTeX Font Info:    ... okay on input line 64.
LaTeX Font Info:    Checking defaults for PD1/pdf/m/n on input line 64.
LaTeX Font Info:    ... okay on input line 64.
LaTeX Font Info:    Checking defaults for PU/pdf/m/n on input line 64.
LaTeX Font Info:    ... okay on input line 64.
 (C:\Users\rober\AppData\Local\Programs\MiK\tex/context/base/mkii\supp-pdf.mkii
[Loading MPS to PDF converter (version 2006.09.02).]
\scratchcounter=\count283
\scratchdimen=\dimen167
\scratchbox=\box55
\nofMPsegments=\count284
\nofMParguments=\count285
\everyMPshowfont=\toks27
\MPscratchCnt=\count286
\MPscratchDim=\dimen168
\MPnumerator=\count287
\makeMPintoPDFobject=\count288
\everyMPtoPDFconversion=\toks28
) (C:\Users\rober\AppData\Local\Programs\MiK\tex/latex/epstopdf-pkg\epstopdf-base.sty
Package: epstopdf-base 2020-01-24 v2.11 Base part for package epstopdf
Package epstopdf-base Info: Redefining graphics rule for `.eps' on input line 485.
 (C:\Users\rober\AppData\Local\Programs\MiK\tex/latex/00miktex\epstopdf-sys.cfg
File: epstopdf-sys.cfg 2021/03/18 v2.0 Configuration of epstopdf for MiKTeX
))
Package hyperref Info: Link coloring ON on input line 64.
 (Prezentare.out) (Prezentare.out)
\@outlinefile=\write3
\openout3 = `Prezentare.out'.


*geometry* driver: auto-detecting
*geometry* detected driver: pdftex
*geometry* verbose mode - [ preamble ] result:
* driver: pdftex
* paper: <default>
* layout: <same size as paper>
* layoutoffset:(h,v)=(0.0pt,0.0pt)
* modes: 
* h-part:(L,W,R)=(72.26999pt, 469.75502pt, 72.26999pt)
* v-part:(T,H,B)=(72.26999pt, 650.43001pt, 72.26999pt)
* \paperwidth=614.295pt
* \paperheight=794.96999pt
* \textwidth=469.75502pt
* \textheight=650.43001pt
* \oddsidemargin=0.0pt
* \evensidemargin=0.0pt
* \topmargin=-37.0pt
* \headheight=12.0pt
* \headsep=25.0pt
* \topskip=12.0pt
* \footskip=30.0pt
* \marginparwidth=44.0pt
* \marginparsep=10.0pt
* \columnsep=10.0pt
* \skip\footins=10.8pt plus 4.0pt minus 2.0pt
* \hoffset=0.0pt
* \voffset=0.0pt
* \mag=1000
* \@twocolumnfalse
* \@twosidefalse
* \@mparswitchfalse
* \@reversemarginfalse
* (1in=72.27pt=25.4mm, 1cm=28.453pt)

\c@lstlisting=\count289
LaTeX Font Info:    External font `cmex10' loaded for size
(Font)              <17.28> on input line 66.
LaTeX Font Info:    External font `cmex10' loaded for size
(Font)              <12> on input line 66.
LaTeX Font Info:    External font `cmex10' loaded for size
(Font)              <14.4> on input line 66.
LaTeX Font Info:    External font `cmex10' loaded for size
(Font)              <7> on input line 66.
[1

{C:/Users/rober/AppData/Local/MiKTeX/fonts/map/pdftex/pdftex.map}] (Prezentare.toc
LaTeX Font Info:    External font `cmex10' loaded for size
(Font)              <8> on input line 2.
LaTeX Font Info:    External font `cmex10' loaded for size
(Font)              <6> on input line 2.
)
\tf@toc=\write4
\openout4 = `Prezentare.toc'.


pdfTeX warning (ext4): destination with the same identifier (name{page.1}) has been already used, duplicate ignored
<to be read again> 
                   \relax 
l.67     \chapter
                 {Introducere} [1

]
Chapter 1.
[2

]
Chapter 2.
<./Poze//Poza1.png, id=142, 752.8125pt x 776.9025pt>
File: ./Poze//Poza1.png Graphic file (type png)
<use ./Poze//Poza1.png>
Package pdftex.def Info: ./Poze//Poza1.png  used on input line 107.
(pdftex.def)             Requested size: 426.79869pt x 247.53511pt.
[3

 <./Poze//Poza1.png>] (C:\Users\rober\AppData\Local\Programs\MiK\tex/latex/listings\lstlang1.sty
File: lstlang1.sty 2020/03/24 1.8d listings language file
) (C:\Users\rober\AppData\Local\Programs\MiK\tex/latex/listings\lstlang1.sty
File: lstlang1.sty 2020/03/24 1.8d listings language file
) (C:\Users\rober\AppData\Local\Programs\MiK\tex/latex/listings\lstmisc.sty
File: lstmisc.sty 2020/03/24 1.8d (Carsten Heinz)
)
Package hyperref Info: bookmark level for unknown lstlisting defaults to 0 on input line 121.
 (code/puncte.cpp [4] [5] [6] [7] [8] [9] [10] [11] [12]) [13] (code/Desen.cpp) (code/Desen2.cpp [14]) (code/Desen3.cpp [15] [16]) (code/Desen4.cpp) [17]
Chapter 3.
LaTeX Font Info:    External font `cmex10' loaded for size
(Font)              <24.88> on input line 152.
LaTeX Font Info:    External font `cmex10' loaded for size
(Font)              <20.74> on input line 152.
<./Poze//Poza3.png, id=746, 752.0597pt x 774.64406pt>
File: ./Poze//Poza3.png Graphic file (type png)
<use ./Poze//Poza3.png>
Package pdftex.def Info: ./Poze//Poza3.png  used on input line 157.
(pdftex.def)             Requested size: 426.7965pt x 247.53656pt.
(code/first.cpp [18

 <./Poze//Poza3.png>]) (code/primaTranslatie2.cpp) (code/primaTranslatie.cpp [19])
<./Poze//Poza8.png, id=798, 752.0597pt x 774.64406pt>
File: ./Poze//Poza8.png Graphic file (type png)
<use ./Poze//Poza8.png>
Package pdftex.def Info: ./Poze//Poza8.png  used on input line 193.
(pdftex.def)             Requested size: 426.7965pt x 247.53656pt.
<./Poze//Poza9.png, id=799, 749.80125pt x 776.14969pt>
File: ./Poze//Poza9.png Graphic file (type png)
<use ./Poze//Poza9.png>
Package pdftex.def Info: ./Poze//Poza9.png  used on input line 200.
(pdftex.def)             Requested size: 426.79622pt x 247.53212pt.
 [20 <./Poze//Poza8.png>] (code/depasire.cpp) [21 <./Poze//Poza9.png>]
<./Poze//Poza10.png, id=837, 753.5653pt x 776.14969pt>
File: ./Poze//Poza10.png Graphic file (type png)
<use ./Poze//Poza10.png>
Package pdftex.def Info: ./Poze//Poza10.png  used on input line 220.
(pdftex.def)             Requested size: 426.78854pt x 247.53212pt.
 (code/litereAscunse.cpp) [22 <./Poze//Poza10.png>]
Chapter 4.
(code/litereAscunse2.cpp [23

] [24] [25])
<./Poze//Poza12.png, id=976, 753.5653pt x 774.64406pt>
File: ./Poze//Poza12.png Graphic file (type png)
<use ./Poze//Poza12.png>
Package pdftex.def Info: ./Poze//Poza12.png  used on input line 252.
(pdftex.def)             Requested size: 369.88264pt x 206.27258pt.
 (code/translatieFinala.cpp) [26 <./Poze//Poza12.png>]
Chapter 5.
(code/proiectGrafica.cpp [27

] [28] [29] [30] [31] [32] [33] [34] [35] [36] [37] [38] [39] [40] [41] [42] [43] [44] [45] [46] [47] [48]) [49]
Chapter 6.
(code/03_02_Shader.frag) [50

]
Chapter 7.
[51

] (Prezentare.aux)

LaTeX Warning: There were multiply-defined labels.

Package rerunfilecheck Info: File `Prezentare.out' has not changed.
(rerunfilecheck)             Checksum: 2FABBC1D29623405B4A399DDCED363DA;3668.
 ) 
Here is how much of TeX's memory you used:
 15380 strings out of 475385
 252291 string characters out of 2778314
 1070847 words of memory out of 3000000
 34807 multiletter control sequences out of 15000+600000
 479840 words of font info for 63 fonts, out of 8000000 for 9000
 1141 hyphenation exceptions out of 8191
 72i,7n,77p,363b,3883s stack positions out of 10000i,1000n,20000p,200000b,80000s
 <C:\Users\rober\AppData\Local\MiKTeX\fonts/pk/ljfour/jknappen/ec/dpi600\tcrm1200.pk><C:/Users/rober/AppData/Local/Programs/MiK/fonts/type1/public/amsfonts/cm/cmbx10.pfb><C:/Users/rober/AppData/Local/Programs/MiK/fonts/type1/public/amsfonts/cm/cmbx12.pfb><C:/Users/rober/AppData/Local/Programs/MiK/fonts/type1/public/amsfonts/cm/cmbx6.pfb><C:/Users/rober/AppData/Local/Programs/MiK/fonts/type1/public/amsfonts/cm/cmbxti10.pfb><C:/Users/rober/AppData/Local/Programs/MiK/fonts/type1/public/amsfonts/cm/cmr10.pfb><C:/Users/rober/AppData/Local/Programs/MiK/fonts/type1/public/amsfonts/cm/cmr12.pfb><C:/Users/rober/AppData/Local/Programs/MiK/fonts/type1/public/amsfonts/cm/cmr17.pfb><C:/Users/rober/AppData/Local/Programs/MiK/fonts/type1/public/amsfonts/cm/cmr6.pfb><C:/Users/rober/AppData/Local/Programs/MiK/fonts/type1/public/amsfonts/cm/cmti12.pfb><C:/Users/rober/AppData/Local/Programs/MiK/fonts/type1/public/amsfonts/cm/cmti7.pfb><C:/Users/rober/AppData/Local/Programs/MiK/fonts/type1/public/amsfonts/cm/cmtt10.pfb>
Output written on Prezentare.pdf (52 pages, 591236 bytes).
PDF statistics:
 2450 PDF objects out of 2487 (max. 8388607)
 1754 named destinations out of 2073 (max. 500000)
 215 words of extra memory for PDF output out of 10000 (max. 10000000)

